<?xml version="1.0" encoding="UTF-8"?>
<coverage generated="1779993297838" clover="3.2.0">
  <project timestamp="1779993297839" name="All files">
    <metrics statements="12" coveredstatements="10" conditionals="4" coveredconditionals="3" methods="5" coveredmethods="3" elements="21" coveredelements="16" complexity="0" loc="12" ncloc="12" packages="1" files="1" classes="1"/>
    <file name="CookieBanner.jsx" path="C:\Users\dildi\Projets_Actifs\Regista_CDA\regista-cda\src\components\CookieBanner.jsx">
      <metrics statements="12" coveredstatements="10" conditionals="4" coveredconditionals="3" methods="5" coveredmethods="3"/>
      <line num="5" count="7" type="stmt"/>
      <line num="7" count="7" type="stmt"/>
      <line num="9" count="3" type="stmt"/>
      <line num="10" count="3" type="cond" truecount="1" falsecount="1"/>
      <line num="11" count="3" type="stmt"/>
      <line num="16" count="7" type="stmt"/>
      <line num="17" count="1" type="stmt"/>
      <line num="18" count="1" type="stmt"/>
      <line num="22" count="7" type="cond" truecount="2" falsecount="0"/>
      <line num="24" count="3" type="stmt"/>
      <line num="59" count="0" type="stmt"/>
      <line num="60" count="0" type="stmt"/>
    </file>
  </project>
</coverage>
