{"C:\\Users\\dildi\\Projets_Actifs\\Regista_CDA\\regista-cda\\src\\components\\CookieBanner.jsx": {"path":"C:\\Users\\dildi\\Projets_Actifs\\Regista_CDA\\regista-cda\\src\\components\\CookieBanner.jsx","statementMap":{"0":{"start":{"line":5,"column":20},"end":{"line":5,"column":51}},"1":{"start":{"line":7,"column":2},"end":{"line":13,"column":null}},"2":{"start":{"line":9,"column":20},"end":{"line":9,"column":64}},"3":{"start":{"line":10,"column":4},"end":{"line":11,"column":null}},"4":{"start":{"line":11,"column":6},"end":{"line":11,"column":null}},"5":{"start":{"line":16,"column":8},"end":{"line":18,"column":null}},"6":{"start":{"line":17,"column":4},"end":{"line":17,"column":null}},"7":{"start":{"line":18,"column":4},"end":{"line":18,"column":null}},"8":{"start":{"line":22,"column":2},"end":{"line":22,"column":null}},"9":{"start":{"line":22,"column":18},"end":{"line":22,"column":null}},"10":{"start":{"line":24,"column":2},"end":{"line":63,"column":null}},"11":{"start":{"line":59,"column":29},"end":{"line":59,"column":null}},"12":{"start":{"line":60,"column":29},"end":{"line":60,"column":null}}},"fnMap":{"0":{"name":"CookieBanner","decl":{"start":{"line":3,"column":24},"end":{"line":3,"column":39}},"loc":{"start":{"line":3,"column":39},"end":{"line":63,"column":null}},"line":3},"1":{"name":"(anonymous_1)","decl":{"start":{"line":7,"column":2},"end":{"line":7,"column":18}},"loc":{"start":{"line":7,"column":18},"end":{"line":13,"column":7}},"line":7},"2":{"name":"(anonymous_2)","decl":{"start":{"line":16,"column":8},"end":{"line":16,"column":29}},"loc":{"start":{"line":16,"column":29},"end":{"line":18,"column":null}},"line":16},"3":{"name":"(anonymous_3)","decl":{"start":{"line":59,"column":8},"end":{"line":59,"column":23}},"loc":{"start":{"line":59,"column":29},"end":{"line":59,"column":null}},"line":59},"4":{"name":"(anonymous_4)","decl":{"start":{"line":60,"column":8},"end":{"line":60,"column":23}},"loc":{"start":{"line":60,"column":29},"end":{"line":60,"column":null}},"line":60}},"branchMap":{"0":{"loc":{"start":{"line":10,"column":4},"end":{"line":11,"column":null}},"type":"if","locations":[{"start":{"line":10,"column":4},"end":{"line":11,"column":null}},{"start":{},"end":{}}],"line":10},"1":{"loc":{"start":{"line":22,"column":2},"end":{"line":22,"column":null}},"type":"if","locations":[{"start":{"line":22,"column":2},"end":{"line":22,"column":null}},{"start":{},"end":{}}],"line":22}},"s":{"0":10,"1":10,"2":5,"3":5,"4":4,"5":10,"6":1,"7":1,"8":10,"9":6,"10":4,"11":1,"12":1},"f":{"0":10,"1":5,"2":1,"3":1,"4":1},"b":{"0":[4,1],"1":[6,4]},"meta":{"lastBranch":2,"lastFunction":5,"lastStatement":13,"seen":{"f:3:24:3:39":0,"s:5:20:5:51":0,"s:7:2:13:Infinity":1,"f:7:2:7:18":1,"s:9:20:9:64":2,"b:10:4:11:Infinity:undefined:undefined:undefined:undefined":0,"s:10:4:11:Infinity":3,"s:11:6:11:Infinity":4,"s:16:8:18:Infinity":5,"f:16:8:16:29":2,"s:17:4:17:Infinity":6,"s:18:4:18:Infinity":7,"b:22:2:22:Infinity:undefined:undefined:undefined:undefined":1,"s:22:2:22:Infinity":8,"s:22:18:22:Infinity":9,"s:24:2:63:Infinity":10,"f:59:8:59:23":3,"s:59:29:59:Infinity":11,"f:60:8:60:23":4,"s:60:29:60:Infinity":12}}}
}
